{"C:\\Users\\leona\\source\\repos\\TesteFocusTextil\\app.js": {"path":"C:\\Users\\leona\\source\\repos\\TesteFocusTextil\\app.js","statementMap":{"0":{"start":{"line":2,"column":16},"end":{"line":10,"column":1}},"1":{"start":{"line":3,"column":28},"end":{"line":3,"column":110}},"2":{"start":{"line":3,"column":91},"end":{"line":3,"column":106}},"3":{"start":{"line":4,"column":4},"end":{"line":9,"column":7}},"4":{"start":{"line":5,"column":36},"end":{"line":5,"column":97}},"5":{"start":{"line":5,"column":42},"end":{"line":5,"column":70}},"6":{"start":{"line":5,"column":85},"end":{"line":5,"column":95}},"7":{"start":{"line":6,"column":35},"end":{"line":6,"column":100}},"8":{"start":{"line":6,"column":41},"end":{"line":6,"column":73}},"9":{"start":{"line":6,"column":88},"end":{"line":6,"column":98}},"10":{"start":{"line":7,"column":32},"end":{"line":7,"column":116}},"11":{"start":{"line":8,"column":8},"end":{"line":8,"column":78}},"12":{"start":{"line":11,"column":0},"end":{"line":11,"column":62}},"13":{"start":{"line":12,"column":16},"end":{"line":12,"column":34}},"14":{"start":{"line":13,"column":19},"end":{"line":13,"column":41}},"15":{"start":{"line":14,"column":13},"end":{"line":14,"column":28}},"16":{"start":{"line":15,"column":16},"end":{"line":15,"column":41}},"17":{"start":{"line":16,"column":19},"end":{"line":16,"column":47}},"18":{"start":{"line":17,"column":16},"end":{"line":17,"column":41}},"19":{"start":{"line":18,"column":14},"end":{"line":18,"column":48}},"20":{"start":{"line":19,"column":12},"end":{"line":19,"column":21}},"21":{"start":{"line":22,"column":8},"end":{"line":22,"column":29}},"22":{"start":{"line":24,"column":8},"end":{"line":24,"column":40}},"23":{"start":{"line":26,"column":8},"end":{"line":26,"column":61}},"24":{"start":{"line":27,"column":8},"end":{"line":27,"column":43}},"25":{"start":{"line":28,"column":8},"end":{"line":28,"column":69}},"26":{"start":{"line":29,"column":8},"end":{"line":29,"column":43}},"27":{"start":{"line":30,"column":8},"end":{"line":30,"column":54}},"28":{"start":{"line":31,"column":8},"end":{"line":31,"column":48}},"29":{"start":{"line":33,"column":8},"end":{"line":37,"column":11}},"30":{"start":{"line":34,"column":24},"end":{"line":34,"column":46}},"31":{"start":{"line":35,"column":12},"end":{"line":35,"column":32}},"32":{"start":{"line":36,"column":12},"end":{"line":36,"column":22}},"33":{"start":{"line":41,"column":8},"end":{"line":49,"column":9}},"34":{"start":{"line":42,"column":12},"end":{"line":48,"column":15}},"35":{"start":{"line":43,"column":16},"end":{"line":43,"column":49}},"36":{"start":{"line":44,"column":16},"end":{"line":47,"column":19}},"37":{"start":{"line":52,"column":8},"end":{"line":58,"column":11}},"38":{"start":{"line":53,"column":12},"end":{"line":53,"column":42}},"39":{"start":{"line":54,"column":12},"end":{"line":57,"column":15}},"40":{"start":{"line":59,"column":8},"end":{"line":59,"column":55}},"41":{"start":{"line":62,"column":8},"end":{"line":64,"column":11}},"42":{"start":{"line":63,"column":12},"end":{"line":63,"column":74}},"43":{"start":{"line":67,"column":8},"end":{"line":69,"column":11}},"44":{"start":{"line":68,"column":12},"end":{"line":68,"column":28}},"45":{"start":{"line":72,"column":0},"end":{"line":72,"column":28}}},"fnMap":{"0":{"name":"(anonymous_0)","decl":{"start":{"line":2,"column":44},"end":{"line":2,"column":45}},"loc":{"start":{"line":2,"column":89},"end":{"line":10,"column":1}},"line":2},"1":{"name":"adopt","decl":{"start":{"line":3,"column":13},"end":{"line":3,"column":18}},"loc":{"start":{"line":3,"column":26},"end":{"line":3,"column":112}},"line":3},"2":{"name":"(anonymous_2)","decl":{"start":{"line":3,"column":70},"end":{"line":3,"column":71}},"loc":{"start":{"line":3,"column":89},"end":{"line":3,"column":108}},"line":3},"3":{"name":"(anonymous_3)","decl":{"start":{"line":4,"column":36},"end":{"line":4,"column":37}},"loc":{"start":{"line":4,"column":63},"end":{"line":9,"column":5}},"line":4},"4":{"name":"fulfilled","decl":{"start":{"line":5,"column":17},"end":{"line":5,"column":26}},"loc":{"start":{"line":5,"column":34},"end":{"line":5,"column":99}},"line":5},"5":{"name":"rejected","decl":{"start":{"line":6,"column":17},"end":{"line":6,"column":25}},"loc":{"start":{"line":6,"column":33},"end":{"line":6,"column":102}},"line":6},"6":{"name":"step","decl":{"start":{"line":7,"column":17},"end":{"line":7,"column":21}},"loc":{"start":{"line":7,"column":30},"end":{"line":7,"column":118}},"line":7},"7":{"name":"(anonymous_7)","decl":{"start":{"line":21,"column":4},"end":{"line":21,"column":5}},"loc":{"start":{"line":21,"column":18},"end":{"line":60,"column":5}},"line":21},"8":{"name":"(anonymous_8)","decl":{"start":{"line":33,"column":21},"end":{"line":33,"column":22}},"loc":{"start":{"line":33,"column":41},"end":{"line":37,"column":9}},"line":33},"9":{"name":"(anonymous_9)","decl":{"start":{"line":42,"column":25},"end":{"line":42,"column":26}},"loc":{"start":{"line":42,"column":50},"end":{"line":48,"column":13}},"line":42},"10":{"name":"(anonymous_10)","decl":{"start":{"line":52,"column":21},"end":{"line":52,"column":22}},"loc":{"start":{"line":52,"column":46},"end":{"line":58,"column":9}},"line":52},"11":{"name":"(anonymous_11)","decl":{"start":{"line":61,"column":4},"end":{"line":61,"column":5}},"loc":{"start":{"line":61,"column":13},"end":{"line":65,"column":5}},"line":61},"12":{"name":"(anonymous_12)","decl":{"start":{"line":62,"column":47},"end":{"line":62,"column":48}},"loc":{"start":{"line":62,"column":60},"end":{"line":64,"column":9}},"line":62},"13":{"name":"(anonymous_13)","decl":{"start":{"line":63,"column":57},"end":{"line":63,"column":58}},"loc":{"start":{"line":63,"column":69},"end":{"line":63,"column":72}},"line":63},"14":{"name":"(anonymous_14)","decl":{"start":{"line":66,"column":4},"end":{"line":66,"column":5}},"loc":{"start":{"line":66,"column":18},"end":{"line":70,"column":5}},"line":66},"15":{"name":"(anonymous_15)","decl":{"start":{"line":67,"column":47},"end":{"line":67,"column":48}},"loc":{"start":{"line":67,"column":60},"end":{"line":69,"column":9}},"line":67}},"branchMap":{"0":{"loc":{"start":{"line":2,"column":16},"end":{"line":10,"column":1}},"type":"binary-expr","locations":[{"start":{"line":2,"column":17},"end":{"line":2,"column":21}},{"start":{"line":2,"column":25},"end":{"line":2,"column":39}},{"start":{"line":2,"column":44},"end":{"line":10,"column":1}}],"line":2},"1":{"loc":{"start":{"line":3,"column":35},"end":{"line":3,"column":109}},"type":"cond-expr","locations":[{"start":{"line":3,"column":56},"end":{"line":3,"column":61}},{"start":{"line":3,"column":64},"end":{"line":3,"column":109}}],"line":3},"2":{"loc":{"start":{"line":4,"column":16},"end":{"line":4,"column":34}},"type":"binary-expr","locations":[{"start":{"line":4,"column":16},"end":{"line":4,"column":17}},{"start":{"line":4,"column":22},"end":{"line":4,"column":33}}],"line":4},"3":{"loc":{"start":{"line":7,"column":32},"end":{"line":7,"column":115}},"type":"cond-expr","locations":[{"start":{"line":7,"column":46},"end":{"line":7,"column":67}},{"start":{"line":7,"column":70},"end":{"line":7,"column":115}}],"line":7},"4":{"loc":{"start":{"line":8,"column":51},"end":{"line":8,"column":67}},"type":"binary-expr","locations":[{"start":{"line":8,"column":51},"end":{"line":8,"column":61}},{"start":{"line":8,"column":65},"end":{"line":8,"column":67}}],"line":8},"5":{"loc":{"start":{"line":41,"column":8},"end":{"line":49,"column":9}},"type":"if","locations":[{"start":{"line":41,"column":8},"end":{"line":49,"column":9}},{"start":{},"end":{}}],"line":41},"6":{"loc":{"start":{"line":43,"column":27},"end":{"line":43,"column":47}},"type":"binary-expr","locations":[{"start":{"line":43,"column":27},"end":{"line":43,"column":40}},{"start":{"line":43,"column":44},"end":{"line":43,"column":47}}],"line":43},"7":{"loc":{"start":{"line":53,"column":23},"end":{"line":53,"column":40}},"type":"binary-expr","locations":[{"start":{"line":53,"column":23},"end":{"line":53,"column":33}},{"start":{"line":53,"column":37},"end":{"line":53,"column":40}}],"line":53},"8":{"loc":{"start":{"line":59,"column":29},"end":{"line":59,"column":53}},"type":"binary-expr","locations":[{"start":{"line":59,"column":29},"end":{"line":59,"column":45}},{"start":{"line":59,"column":49},"end":{"line":59,"column":53}}],"line":59}},"s":{"0":3,"1":0,"2":0,"3":13,"4":0,"5":0,"6":0,"7":0,"8":0,"9":0,"10":13,"11":13,"12":3,"13":3,"14":3,"15":3,"16":3,"17":3,"18":3,"19":3,"20":3,"21":3,"22":3,"23":3,"24":3,"25":3,"26":3,"27":3,"28":3,"29":3,"30":0,"31":0,"32":0,"33":3,"34":0,"35":0,"36":0,"37":3,"38":0,"39":0,"40":3,"41":0,"42":0,"43":13,"44":13,"45":3},"f":{"0":13,"1":0,"2":0,"3":13,"4":0,"5":0,"6":13,"7":3,"8":0,"9":0,"10":0,"11":0,"12":0,"13":0,"14":13,"15":13},"b":{"0":[3,3,3],"1":[0,0],"2":[13,13],"3":[13,0],"4":[13,13],"5":[0,3],"6":[0,0],"7":[0,0],"8":[3,3]},"inputSourceMap":null,"_coverageSchema":"1a1c01bbd47fc00a2c39e90264f33305004495a9","hash":"a04f4d5595d0f04405208f2a56d48df069365363"}
,"C:\\Users\\leona\\source\\repos\\TesteFocusTextil\\connection.js": {"path":"C:\\Users\\leona\\source\\repos\\TesteFocusTextil\\connection.js","statementMap":{"0":{"start":{"line":2,"column":0},"end":{"line":2,"column":62}},"1":{"start":{"line":3,"column":19},"end":{"line":3,"column":38}},"2":{"start":{"line":7,"column":8},"end":{"line":8,"column":38}},"3":{"start":{"line":8,"column":12},"end":{"line":8,"column":38}},"4":{"start":{"line":10,"column":8},"end":{"line":10,"column":35}},"5":{"start":{"line":12,"column":8},"end":{"line":12,"column":92}},"6":{"start":{"line":14,"column":8},"end":{"line":14,"column":34}},"7":{"start":{"line":17,"column":0},"end":{"line":17,"column":29}}},"fnMap":{"0":{"name":"(anonymous_0)","decl":{"start":{"line":5,"column":4},"end":{"line":5,"column":5}},"loc":{"start":{"line":5,"column":17},"end":{"line":15,"column":5}},"line":5}},"branchMap":{"0":{"loc":{"start":{"line":7,"column":8},"end":{"line":8,"column":38}},"type":"if","locations":[{"start":{"line":7,"column":8},"end":{"line":8,"column":38}},{"start":{},"end":{}}],"line":7}},"s":{"0":3,"1":3,"2":3,"3":0,"4":3,"5":3,"6":3,"7":3},"f":{"0":3},"b":{"0":[0,3]},"inputSourceMap":null,"_coverageSchema":"1a1c01bbd47fc00a2c39e90264f33305004495a9","hash":"3ad2af3c4b89fcbb77f644f198f0e0231d8ac43e"}
,"C:\\Users\\leona\\source\\repos\\TesteFocusTextil\\models\\cliente.js": {"path":"C:\\Users\\leona\\source\\repos\\TesteFocusTextil\\models\\cliente.js","statementMap":{"0":{"start":{"line":2,"column":0},"end":{"line":2,"column":62}},"1":{"start":{"line":3,"column":19},"end":{"line":3,"column":38}},"2":{"start":{"line":4,"column":21},"end":{"line":4,"column":47}},"3":{"start":{"line":9,"column":0},"end":{"line":14,"column":4}}},"fnMap":{},"branchMap":{},"s":{"0":3,"1":3,"2":3,"3":3},"f":{},"b":{},"inputSourceMap":null,"_coverageSchema":"1a1c01bbd47fc00a2c39e90264f33305004495a9","hash":"f7009271f7fe9cf414b68210d5092c9902814ea9"}
,"C:\\Users\\leona\\source\\repos\\TesteFocusTextil\\routes\\index.js": {"path":"C:\\Users\\leona\\source\\repos\\TesteFocusTextil\\routes\\index.js","statementMap":{"0":{"start":{"line":2,"column":0},"end":{"line":2,"column":62}},"1":{"start":{"line":6,"column":16},"end":{"line":6,"column":34}},"2":{"start":{"line":7,"column":15},"end":{"line":7,"column":31}},"3":{"start":{"line":8,"column":0},"end":{"line":10,"column":3}},"4":{"start":{"line":9,"column":4},"end":{"line":9,"column":46}},"5":{"start":{"line":11,"column":0},"end":{"line":11,"column":25}}},"fnMap":{"0":{"name":"(anonymous_0)","decl":{"start":{"line":8,"column":16},"end":{"line":8,"column":17}},"loc":{"start":{"line":8,"column":30},"end":{"line":10,"column":1}},"line":8}},"branchMap":{},"s":{"0":3,"1":3,"2":3,"3":3,"4":0,"5":3},"f":{"0":0},"b":{},"inputSourceMap":null,"_coverageSchema":"1a1c01bbd47fc00a2c39e90264f33305004495a9","hash":"dcf4fbe7a1086f9d5085c2b3328678d7d776b2da"}
,"C:\\Users\\leona\\source\\repos\\TesteFocusTextil\\routes\\login.js": {"path":"C:\\Users\\leona\\source\\repos\\TesteFocusTextil\\routes\\login.js","statementMap":{"0":{"start":{"line":2,"column":16},"end":{"line":10,"column":1}},"1":{"start":{"line":3,"column":28},"end":{"line":3,"column":110}},"2":{"start":{"line":3,"column":91},"end":{"line":3,"column":106}},"3":{"start":{"line":4,"column":4},"end":{"line":9,"column":7}},"4":{"start":{"line":5,"column":36},"end":{"line":5,"column":97}},"5":{"start":{"line":5,"column":42},"end":{"line":5,"column":70}},"6":{"start":{"line":5,"column":85},"end":{"line":5,"column":95}},"7":{"start":{"line":6,"column":35},"end":{"line":6,"column":100}},"8":{"start":{"line":6,"column":41},"end":{"line":6,"column":73}},"9":{"start":{"line":6,"column":88},"end":{"line":6,"column":98}},"10":{"start":{"line":7,"column":32},"end":{"line":7,"column":116}},"11":{"start":{"line":8,"column":8},"end":{"line":8,"column":78}},"12":{"start":{"line":11,"column":0},"end":{"line":11,"column":62}},"13":{"start":{"line":12,"column":18},"end":{"line":12,"column":48}},"14":{"start":{"line":13,"column":15},"end":{"line":13,"column":32}},"15":{"start":{"line":17,"column":16},"end":{"line":17,"column":34}},"16":{"start":{"line":18,"column":15},"end":{"line":18,"column":31}},"17":{"start":{"line":19,"column":0},"end":{"line":35,"column":4}},"18":{"start":{"line":19,"column":31},"end":{"line":35,"column":2}},"19":{"start":{"line":20,"column":4},"end":{"line":34,"column":5}},"20":{"start":{"line":22,"column":28},"end":{"line":22,"column":93}},"21":{"start":{"line":24,"column":8},"end":{"line":25,"column":102}},"22":{"start":{"line":25,"column":12},"end":{"line":25,"column":102}},"23":{"start":{"line":27,"column":8},"end":{"line":28,"column":91}},"24":{"start":{"line":28,"column":12},"end":{"line":28,"column":91}},"25":{"start":{"line":30,"column":8},"end":{"line":30,"column":153}},"26":{"start":{"line":33,"column":8},"end":{"line":33,"column":73}},"27":{"start":{"line":36,"column":0},"end":{"line":36,"column":25}}},"fnMap":{"0":{"name":"(anonymous_0)","decl":{"start":{"line":2,"column":44},"end":{"line":2,"column":45}},"loc":{"start":{"line":2,"column":89},"end":{"line":10,"column":1}},"line":2},"1":{"name":"adopt","decl":{"start":{"line":3,"column":13},"end":{"line":3,"column":18}},"loc":{"start":{"line":3,"column":26},"end":{"line":3,"column":112}},"line":3},"2":{"name":"(anonymous_2)","decl":{"start":{"line":3,"column":70},"end":{"line":3,"column":71}},"loc":{"start":{"line":3,"column":89},"end":{"line":3,"column":108}},"line":3},"3":{"name":"(anonymous_3)","decl":{"start":{"line":4,"column":36},"end":{"line":4,"column":37}},"loc":{"start":{"line":4,"column":63},"end":{"line":9,"column":5}},"line":4},"4":{"name":"fulfilled","decl":{"start":{"line":5,"column":17},"end":{"line":5,"column":26}},"loc":{"start":{"line":5,"column":34},"end":{"line":5,"column":99}},"line":5},"5":{"name":"rejected","decl":{"start":{"line":6,"column":17},"end":{"line":6,"column":25}},"loc":{"start":{"line":6,"column":33},"end":{"line":6,"column":102}},"line":6},"6":{"name":"step","decl":{"start":{"line":7,"column":17},"end":{"line":7,"column":21}},"loc":{"start":{"line":7,"column":30},"end":{"line":7,"column":118}},"line":7},"7":{"name":"(anonymous_7)","decl":{"start":{"line":19,"column":17},"end":{"line":19,"column":18}},"loc":{"start":{"line":19,"column":31},"end":{"line":35,"column":2}},"line":19},"8":{"name":"(anonymous_8)","decl":{"start":{"line":19,"column":65},"end":{"line":19,"column":66}},"loc":{"start":{"line":19,"column":78},"end":{"line":35,"column":1}},"line":19}},"branchMap":{"0":{"loc":{"start":{"line":2,"column":16},"end":{"line":10,"column":1}},"type":"binary-expr","locations":[{"start":{"line":2,"column":17},"end":{"line":2,"column":21}},{"start":{"line":2,"column":25},"end":{"line":2,"column":39}},{"start":{"line":2,"column":44},"end":{"line":10,"column":1}}],"line":2},"1":{"loc":{"start":{"line":3,"column":35},"end":{"line":3,"column":109}},"type":"cond-expr","locations":[{"start":{"line":3,"column":56},"end":{"line":3,"column":61}},{"start":{"line":3,"column":64},"end":{"line":3,"column":109}}],"line":3},"2":{"loc":{"start":{"line":4,"column":16},"end":{"line":4,"column":34}},"type":"binary-expr","locations":[{"start":{"line":4,"column":16},"end":{"line":4,"column":17}},{"start":{"line":4,"column":22},"end":{"line":4,"column":33}}],"line":4},"3":{"loc":{"start":{"line":7,"column":32},"end":{"line":7,"column":115}},"type":"cond-expr","locations":[{"start":{"line":7,"column":46},"end":{"line":7,"column":67}},{"start":{"line":7,"column":70},"end":{"line":7,"column":115}}],"line":7},"4":{"loc":{"start":{"line":8,"column":51},"end":{"line":8,"column":67}},"type":"binary-expr","locations":[{"start":{"line":8,"column":51},"end":{"line":8,"column":61}},{"start":{"line":8,"column":65},"end":{"line":8,"column":67}}],"line":8},"5":{"loc":{"start":{"line":24,"column":8},"end":{"line":25,"column":102}},"type":"if","locations":[{"start":{"line":24,"column":8},"end":{"line":25,"column":102}},{"start":{},"end":{}}],"line":24},"6":{"loc":{"start":{"line":27,"column":8},"end":{"line":28,"column":91}},"type":"if","locations":[{"start":{"line":27,"column":8},"end":{"line":28,"column":91}},{"start":{},"end":{}}],"line":27}},"s":{"0":3,"1":7,"2":0,"3":7,"4":7,"5":7,"6":0,"7":0,"8":0,"9":0,"10":14,"11":7,"12":3,"13":3,"14":3,"15":3,"16":3,"17":3,"18":7,"19":7,"20":7,"21":7,"22":2,"23":5,"24":2,"25":1,"26":2,"27":3},"f":{"0":7,"1":7,"2":0,"3":7,"4":7,"5":0,"6":14,"7":7,"8":7},"b":{"0":[3,3,3],"1":[7,0],"2":[7,7],"3":[7,7],"4":[7,7],"5":[2,5],"6":[2,1]},"inputSourceMap":null,"_coverageSchema":"1a1c01bbd47fc00a2c39e90264f33305004495a9","hash":"17092ec96f78e4734db7bf104a0ed4497427604a"}
,"C:\\Users\\leona\\source\\repos\\TesteFocusTextil\\routes\\register.js": {"path":"C:\\Users\\leona\\source\\repos\\TesteFocusTextil\\routes\\register.js","statementMap":{"0":{"start":{"line":2,"column":16},"end":{"line":10,"column":1}},"1":{"start":{"line":3,"column":28},"end":{"line":3,"column":110}},"2":{"start":{"line":3,"column":91},"end":{"line":3,"column":106}},"3":{"start":{"line":4,"column":4},"end":{"line":9,"column":7}},"4":{"start":{"line":5,"column":36},"end":{"line":5,"column":97}},"5":{"start":{"line":5,"column":42},"end":{"line":5,"column":70}},"6":{"start":{"line":5,"column":85},"end":{"line":5,"column":95}},"7":{"start":{"line":6,"column":35},"end":{"line":6,"column":100}},"8":{"start":{"line":6,"column":41},"end":{"line":6,"column":73}},"9":{"start":{"line":6,"column":88},"end":{"line":6,"column":98}},"10":{"start":{"line":7,"column":32},"end":{"line":7,"column":116}},"11":{"start":{"line":8,"column":8},"end":{"line":8,"column":78}},"12":{"start":{"line":11,"column":0},"end":{"line":11,"column":62}},"13":{"start":{"line":12,"column":17},"end":{"line":12,"column":34}},"14":{"start":{"line":13,"column":18},"end":{"line":13,"column":48}},"15":{"start":{"line":14,"column":15},"end":{"line":14,"column":32}},"16":{"start":{"line":18,"column":16},"end":{"line":18,"column":34}},"17":{"start":{"line":19,"column":15},"end":{"line":19,"column":31}},"18":{"start":{"line":20,"column":0},"end":{"line":41,"column":4}},"19":{"start":{"line":20,"column":31},"end":{"line":41,"column":2}},"20":{"start":{"line":21,"column":4},"end":{"line":40,"column":5}},"21":{"start":{"line":23,"column":28},"end":{"line":23,"column":90}},"22":{"start":{"line":25,"column":8},"end":{"line":26,"column":118}},"23":{"start":{"line":26,"column":12},"end":{"line":26,"column":118}},"24":{"start":{"line":28,"column":21},"end":{"line":28,"column":52}},"25":{"start":{"line":30,"column":8},"end":{"line":30,"column":67}},"26":{"start":{"line":32,"column":8},"end":{"line":32,"column":59}},"27":{"start":{"line":34,"column":8},"end":{"line":34,"column":20}},"28":{"start":{"line":36,"column":8},"end":{"line":36,"column":118}},"29":{"start":{"line":39,"column":8},"end":{"line":39,"column":73}},"30":{"start":{"line":42,"column":0},"end":{"line":42,"column":25}}},"fnMap":{"0":{"name":"(anonymous_0)","decl":{"start":{"line":2,"column":44},"end":{"line":2,"column":45}},"loc":{"start":{"line":2,"column":89},"end":{"line":10,"column":1}},"line":2},"1":{"name":"adopt","decl":{"start":{"line":3,"column":13},"end":{"line":3,"column":18}},"loc":{"start":{"line":3,"column":26},"end":{"line":3,"column":112}},"line":3},"2":{"name":"(anonymous_2)","decl":{"start":{"line":3,"column":70},"end":{"line":3,"column":71}},"loc":{"start":{"line":3,"column":89},"end":{"line":3,"column":108}},"line":3},"3":{"name":"(anonymous_3)","decl":{"start":{"line":4,"column":36},"end":{"line":4,"column":37}},"loc":{"start":{"line":4,"column":63},"end":{"line":9,"column":5}},"line":4},"4":{"name":"fulfilled","decl":{"start":{"line":5,"column":17},"end":{"line":5,"column":26}},"loc":{"start":{"line":5,"column":34},"end":{"line":5,"column":99}},"line":5},"5":{"name":"rejected","decl":{"start":{"line":6,"column":17},"end":{"line":6,"column":25}},"loc":{"start":{"line":6,"column":33},"end":{"line":6,"column":102}},"line":6},"6":{"name":"step","decl":{"start":{"line":7,"column":17},"end":{"line":7,"column":21}},"loc":{"start":{"line":7,"column":30},"end":{"line":7,"column":118}},"line":7},"7":{"name":"(anonymous_7)","decl":{"start":{"line":20,"column":17},"end":{"line":20,"column":18}},"loc":{"start":{"line":20,"column":31},"end":{"line":41,"column":2}},"line":20},"8":{"name":"(anonymous_8)","decl":{"start":{"line":20,"column":65},"end":{"line":20,"column":66}},"loc":{"start":{"line":20,"column":78},"end":{"line":41,"column":1}},"line":20}},"branchMap":{"0":{"loc":{"start":{"line":2,"column":16},"end":{"line":10,"column":1}},"type":"binary-expr","locations":[{"start":{"line":2,"column":17},"end":{"line":2,"column":21}},{"start":{"line":2,"column":25},"end":{"line":2,"column":39}},{"start":{"line":2,"column":44},"end":{"line":10,"column":1}}],"line":2},"1":{"loc":{"start":{"line":3,"column":35},"end":{"line":3,"column":109}},"type":"cond-expr","locations":[{"start":{"line":3,"column":56},"end":{"line":3,"column":61}},{"start":{"line":3,"column":64},"end":{"line":3,"column":109}}],"line":3},"2":{"loc":{"start":{"line":4,"column":16},"end":{"line":4,"column":34}},"type":"binary-expr","locations":[{"start":{"line":4,"column":16},"end":{"line":4,"column":17}},{"start":{"line":4,"column":22},"end":{"line":4,"column":33}}],"line":4},"3":{"loc":{"start":{"line":7,"column":32},"end":{"line":7,"column":115}},"type":"cond-expr","locations":[{"start":{"line":7,"column":46},"end":{"line":7,"column":67}},{"start":{"line":7,"column":70},"end":{"line":7,"column":115}}],"line":7},"4":{"loc":{"start":{"line":8,"column":51},"end":{"line":8,"column":67}},"type":"binary-expr","locations":[{"start":{"line":8,"column":51},"end":{"line":8,"column":61}},{"start":{"line":8,"column":65},"end":{"line":8,"column":67}}],"line":8},"5":{"loc":{"start":{"line":25,"column":8},"end":{"line":26,"column":118}},"type":"if","locations":[{"start":{"line":25,"column":8},"end":{"line":26,"column":118}},{"start":{},"end":{}}],"line":25}},"s":{"0":3,"1":6,"2":0,"3":6,"4":6,"5":6,"6":0,"7":0,"8":0,"9":0,"10":12,"11":6,"12":3,"13":3,"14":3,"15":3,"16":3,"17":3,"18":3,"19":6,"20":6,"21":6,"22":6,"23":5,"24":1,"25":1,"26":1,"27":1,"28":1,"29":0,"30":3},"f":{"0":6,"1":6,"2":0,"3":6,"4":6,"5":0,"6":12,"7":6,"8":6},"b":{"0":[3,3,3],"1":[6,0],"2":[6,6],"3":[6,6],"4":[6,6],"5":[5,1]},"inputSourceMap":null,"_coverageSchema":"1a1c01bbd47fc00a2c39e90264f33305004495a9","hash":"d65e3a7b0562664f44743aa86d0e3c83854d7d8b"}
}
