TN:
SF:app.js
FN:2,(anonymous_0)
FN:3,adopt
FN:3,(anonymous_2)
FN:4,(anonymous_3)
FN:5,fulfilled
FN:6,rejected
FN:7,step
FN:21,(anonymous_7)
FN:33,(anonymous_8)
FN:42,(anonymous_9)
FN:52,(anonymous_10)
FN:61,(anonymous_11)
FN:62,(anonymous_12)
FN:63,(anonymous_13)
FN:66,(anonymous_14)
FN:67,(anonymous_15)
FNF:16
FNH:6
FNDA:13,(anonymous_0)
FNDA:0,adopt
FNDA:0,(anonymous_2)
FNDA:13,(anonymous_3)
FNDA:0,fulfilled
FNDA:0,rejected
FNDA:13,step
FNDA:3,(anonymous_7)
FNDA:0,(anonymous_8)
FNDA:0,(anonymous_9)
FNDA:0,(anonymous_10)
FNDA:0,(anonymous_11)
FNDA:0,(anonymous_12)
FNDA:0,(anonymous_13)
FNDA:13,(anonymous_14)
FNDA:13,(anonymous_15)
DA:2,3
DA:3,0
DA:4,13
DA:5,0
DA:6,0
DA:7,13
DA:8,13
DA:11,3
DA:12,3
DA:13,3
DA:14,3
DA:15,3
DA:16,3
DA:17,3
DA:18,3
DA:19,3
DA:22,3
DA:24,3
DA:26,3
DA:27,3
DA:28,3
DA:29,3
DA:30,3
DA:31,3
DA:33,3
DA:34,0
DA:35,0
DA:36,0
DA:41,3
DA:42,0
DA:43,0
DA:44,0
DA:52,3
DA:53,0
DA:54,0
DA:59,3
DA:62,0
DA:63,0
DA:67,13
DA:68,13
DA:72,3
LF:41
LH:28
BRDA:2,0,0,3
BRDA:2,0,1,3
BRDA:2,0,2,3
BRDA:3,1,0,0
BRDA:3,1,1,0
BRDA:4,2,0,13
BRDA:4,2,1,13
BRDA:7,3,0,13
BRDA:7,3,1,0
BRDA:8,4,0,13
BRDA:8,4,1,13
BRDA:41,5,0,0
BRDA:41,5,1,3
BRDA:43,6,0,0
BRDA:43,6,1,0
BRDA:53,7,0,0
BRDA:53,7,1,0
BRDA:59,8,0,3
BRDA:59,8,1,3
BRF:19
BRH:11
end_of_record
TN:
SF:connection.js
FN:5,(anonymous_0)
FNF:1
FNH:1
FNDA:3,(anonymous_0)
DA:2,3
DA:3,3
DA:7,3
DA:8,0
DA:10,3
DA:12,3
DA:14,3
DA:17,3
LF:8
LH:7
BRDA:7,0,0,0
BRDA:7,0,1,3
BRF:2
BRH:1
end_of_record
TN:
SF:models\cliente.js
FNF:0
FNH:0
DA:2,3
DA:3,3
DA:4,3
DA:9,3
LF:4
LH:4
BRF:0
BRH:0
end_of_record
TN:
SF:routes\index.js
FN:8,(anonymous_0)
FNF:1
FNH:0
FNDA:0,(anonymous_0)
DA:2,3
DA:6,3
DA:7,3
DA:8,3
DA:9,0
DA:11,3
LF:6
LH:5
BRF:0
BRH:0
end_of_record
TN:
SF:routes\login.js
FN:2,(anonymous_0)
FN:3,adopt
FN:3,(anonymous_2)
FN:4,(anonymous_3)
FN:5,fulfilled
FN:6,rejected
FN:7,step
FN:19,(anonymous_7)
FN:19,(anonymous_8)
FNF:9
FNH:7
FNDA:7,(anonymous_0)
FNDA:7,adopt
FNDA:0,(anonymous_2)
FNDA:7,(anonymous_3)
FNDA:7,fulfilled
FNDA:0,rejected
FNDA:14,step
FNDA:7,(anonymous_7)
FNDA:7,(anonymous_8)
DA:2,3
DA:3,7
DA:4,7
DA:5,7
DA:6,0
DA:7,14
DA:8,7
DA:11,3
DA:12,3
DA:13,3
DA:17,3
DA:18,3
DA:19,7
DA:20,7
DA:22,7
DA:24,7
DA:25,2
DA:27,5
DA:28,2
DA:30,1
DA:33,2
DA:36,3
LF:22
LH:21
BRDA:2,0,0,3
BRDA:2,0,1,3
BRDA:2,0,2,3
BRDA:3,1,0,7
BRDA:3,1,1,0
BRDA:4,2,0,7
BRDA:4,2,1,7
BRDA:7,3,0,7
BRDA:7,3,1,7
BRDA:8,4,0,7
BRDA:8,4,1,7
BRDA:24,5,0,2
BRDA:24,5,1,5
BRDA:27,6,0,2
BRDA:27,6,1,1
BRF:15
BRH:14
end_of_record
TN:
SF:routes\register.js
FN:2,(anonymous_0)
FN:3,adopt
FN:3,(anonymous_2)
FN:4,(anonymous_3)
FN:5,fulfilled
FN:6,rejected
FN:7,step
FN:20,(anonymous_7)
FN:20,(anonymous_8)
FNF:9
FNH:7
FNDA:6,(anonymous_0)
FNDA:6,adopt
FNDA:0,(anonymous_2)
FNDA:6,(anonymous_3)
FNDA:6,fulfilled
FNDA:0,rejected
FNDA:12,step
FNDA:6,(anonymous_7)
FNDA:6,(anonymous_8)
DA:2,3
DA:3,6
DA:4,6
DA:5,6
DA:6,0
DA:7,12
DA:8,6
DA:11,3
DA:12,3
DA:13,3
DA:14,3
DA:18,3
DA:19,3
DA:20,6
DA:21,6
DA:23,6
DA:25,6
DA:26,5
DA:28,1
DA:30,1
DA:32,1
DA:34,1
DA:36,1
DA:39,0
DA:42,3
LF:25
LH:23
BRDA:2,0,0,3
BRDA:2,0,1,3
BRDA:2,0,2,3
BRDA:3,1,0,6
BRDA:3,1,1,0
BRDA:4,2,0,6
BRDA:4,2,1,6
BRDA:7,3,0,6
BRDA:7,3,1,6
BRDA:8,4,0,6
BRDA:8,4,1,6
BRDA:25,5,0,5
BRDA:25,5,1,1
BRF:13
BRH:12
end_of_record
